Name: TVBS亚洲, URL: http://38.64.72.148:80/hls/modn/list/4005/chunklist1.m3u8, Date: None, Resolution: None, Response Time: 109ms
Name: 湖北江夏新闻综合, URL: http://59.175.226.142:280/gb28181/xwzh.m3u8, Date: None, Resolution: None, Response Time: 472ms
Name: 湖北崇阳综合, URL: http://61.184.176.248:10500/live/live.m3u8, Date: None, Resolution: None, Response Time: 696ms
Name: 香港卫视, URL: http://zhibo.hkstv.tv:80/livestream/mutfysrq.flv, Date: None, Resolution: None, Response Time: 1168ms
Name: CCTV-17农村农业, URL: http://218.13.170.98:9901/tsfile/live/0016_1.m3u8, Date: None, Resolution: None, Response Time: 1445ms
Name: 安多卫视, URL: http://stream.qhbtv.com/adws/sd/live.m3u8, Date: None, Resolution: None, Response Time: 2195ms
Name: 湖北荆门新闻, URL: http://stream.jmtv.com.cn/xwzh/sd/live.m3u8?zhubd, Date: None, Resolution: None, Response Time: 2219ms
Name: 湖北十堰新闻, URL: http://p8.vzan.com/slowlive/034028687228317362/live.m3u8, Date: None, Resolution: None, Response Time: 2234ms
Name: 湖北十堰新闻综合, URL: https://p8.vzan.com/slowlive/034028687228317362/live.m3u8?zbid=351104&tpid=868100086, Date: None, Resolution: None, Response Time: 2549ms
Name: 湖北十堰经济旅游, URL: https://p8.vzan.com/slowlive/701367497774448672/live.m3u8?zbid=351104&tpid=1550600621, Date: None, Resolution: None, Response Time: 2615ms
Name: 湖北十堰经济, URL: https://p8.vzan.com/slowlive/701367497774448672/live.m3u8?zbid=351104&amp;tpid=1550600621, Date: None, Resolution: None, Response Time: 2701ms
Name: 湖北武汉黄陂新闻, URL: http://livehprm.hptv.com.cn/zbpd/sd/live.m3u8, Date: None, Resolution: None, Response Time: 2849ms
Name: 武汉外语频道, URL: http://stream.appwuhan.com/6tzb/sd/live.m3u8, Date: None, Resolution: 576p, Response Time: 3127ms
Name: 武汉文体频道, URL: http://stream.appwuhan.com/5tzb/sd/live.m3u8, Date: None, Resolution: 480p, Response Time: 3129ms
Name: 武汉科技生活频道, URL: http://stream.appwuhan.com/3tzb/sd/live.m3u8, Date: None, Resolution: None, Response Time: 3134ms
Name: 武汉新闻综合频道, URL: http://stream.appwuhan.com/1tzb/sd/live.m3u8, Date: None, Resolution: None, Response Time: 3135ms
Name: 武汉少儿频道, URL: http://stream.appwuhan.com/7tzb/sd/live.m3u8, Date: None, Resolution: None, Response Time: 3136ms
Name: 武汉经济频道, URL: http://stream.appwuhan.com/4tzb/sd/live.m3u8, Date: None, Resolution: 360p, Response Time: 3140ms
Name: 武汉电视剧频道, URL: http://stream.appwuhan.com/2tzb/sd/live.m3u8, Date: None, Resolution: None, Response Time: 3180ms
Name: 武汉教育电视台, URL: http://stream.appwuhan.com/jyzb/sd/live.m3u8, Date: None, Resolution: None, Response Time: 3512ms
Name: 延边卫视, URL: http://live.ybtvyun.com/video/s10006-44f040627ca1/index.m3u8, Date: None, Resolution: None, Response Time: 3740ms
Name: 春晚1985, URL: http://txmov2.a.kwimgs.com/upic/2022/01/31/16/BMjAyMjAxMzExNjAwMDFfNDAzMDAxOTlfNjYyNzMyNTAwMzJfMF8z_b_Be73c5abcbc0eeb2ec9fce6842e1362a4.mp4, Date: None, Resolution: None, Response Time: 3898ms
Name: 春晚1984, URL: http://txmov2.a.kwimgs.com/upic/2022/01/31/15/BMjAyMjAxMzExNTU5NTRfNDAzMDAxOTlfNjYyNzMyMzg3MTRfMF8z_b_B192356dadbc90d207ba16964d4c2914c.mp4, Date: None, Resolution: None, Response Time: 3898ms
Name: 春晚1987, URL: https://txmov2.a.kwimgs.com/bs3/video-hls/5195746663405928031_hlsb.m3u8, Date: None, Resolution: None, Response Time: 3929ms
Name: 春晚1986, URL: https://txmov2.a.kwimgs.com/bs3/video-hls/5231493982164619599_hlshd15.m3u8, Date: None, Resolution: None, Response Time: 3930ms
Name: 春晚1989, URL: http://txmov2.a.kwimgs.com/upic/2022/01/31/16/BMjAyMjAxMzExNjAwMTVfNDAzMDAxOTlfNjYyNzMyNzQ2OTlfMF8z_b_Be477b27b9ce655d2372df56a5a3d96ef.mp4, Date: None, Resolution: None, Response Time: 3966ms
Name: 春晚2005, URL: https://txmov2.a.kwimgs.com/bs3/video-hls/5254012008863954469_hlshd15.m3u8, Date: None, Resolution: None, Response Time: 3996ms
Name: 春晚2007, URL: https://txmov2.a.kwimgs.com/bs3/video-hls/5219953534755647343_hlshd15.m3u8, Date: None, Resolution: None, Response Time: 3998ms
Name: 春晚2000, URL: https://txmov2.a.kwimgs.com/bs3/video-hls/5216294359327079321_hlshd15.m3u8, Date: None, Resolution: None, Response Time: 3999ms
Name: 春晚2020, URL: http://txmov2.a.kwimgs.com/upic/2022/01/30/17/BMjAyMjAxMzAxNzA5NDdfNDAzMDAxOTlfNjYxNzQ2MDAyMTFfMF8z_b_B5d51d9564c5670dc66faeba20aa7af3f.mp4, Date: None, Resolution: None, Response Time: 4023ms
Name: 春晚2009, URL: https://txmov2.a.kwimgs.com/bs3/video-hls/5210946337266019890_hlshd15.m3u8, Date: None, Resolution: None, Response Time: 4052ms
Name: 春晚2008, URL: https://txmov2.a.kwimgs.com/bs3/video-hls/5194902262344826321_hlshd15.m3u8, Date: None, Resolution: None, Response Time: 4052ms
Name: 春晚1988, URL: https://txmov2.a.kwimgs.com/bs3/video-hls/5216575810935394655_hlsb.m3u8, Date: None, Resolution: None, Response Time: 4076ms
Name: 春晚1992, URL: https://txmov2.a.kwimgs.com/bs3/video-hls/5256826755663896297_hlshd15.m3u8, Date: None, Resolution: None, Response Time: 4421ms
Name: 春晚1994, URL: https://txmov2.a.kwimgs.com/bs3/video-hls/5197154061406974711_hlshd15.m3u8, Date: None, Resolution: None, Response Time: 4474ms
Name: 春晚1995, URL: https://txmov2.a.kwimgs.com/bs3/video-hls/5255137907893179578_hlshd15.m3u8, Date: None, Resolution: None, Response Time: 4490ms
Name: 春晚2001, URL: https://txmov2.a.kwimgs.com/bs3/video-hls/5228960735897942616_hlshd15.m3u8, Date: None, Resolution: None, Response Time: 4791ms
Name: 春晚2021, URL: http://txmov2.a.kwimgs.com/upic/2022/01/30/17/BMjAyMjAxMzAxNzE4NTJfNDAzMDAxOTlfNjYxNzUzOTg3NjlfMF8z_b_Be41d9503181d7b0608a839ed401e02c2.mp4, Date: None, Resolution: None, Response Time: 4890ms
Name: 春晚2022, URL: http://txmov2.a.kwimgs.com/upic/2022/02/01/11/BMjAyMjAyMDExMTEwMjNfNDAzMDAxOTlfNjYzNzA4MTk4NzNfMF8z_b_B898cc7ddd0025bf54ddb18ec1f723c84.mp4, Date: None, Resolution: None, Response Time: 4890ms
Name: 春晚2014, URL: https://txmov2.a.kwimgs.com/bs3/video-hls/5245286283437869627_hlshd15.m3u8, Date: None, Resolution: None, Response Time: 4923ms
